-------------
Duky
Amity
Elena
Lynn
Valentijn
-------------
Abrehart|Paddy
Adanez|Alina
Aldrin|Bax
Aristide|Ivett
Assel|Waylin
Autrie|Hayward
Bantock|Howey
Beadon|Shandra
Beesey|Linea
Birds|Konstantin
Birt|Ariella
Booth|Husain
Brake|Meir
Bretherick|Ian
Brobyn|Renee
Brodley|Linn
Canfield|Philippa
Caplen|Denis
Casewell|Sorcha
Cass|Royal
Chattock|Deny
Christopherson|Jeffry
Coate|Larina
Cobbald|Tally
Cosgrive|Aretha
Courson|Wolfy
Crick|Maurise
Cringle|Zulema
Crucetti|Judith
Culross|Robinet
Darmody|Byrann
Davioud|Mateo
Demetr|Tymothy
Dible|Livvie
Domenico|Jill
Dougal|Berne
Ducker|Olvan
Eason|Eward
Easson|Osborne
Edgeley|Emmery
Everex|Chelsy
Feveryear|Irving
Ghion|Sarine
Girdlestone|Marylinda
Goucher|Paddie
Gowrich|Raf
Griffey|Katlin
Guilder|Cinderella
Guitton|Isador
Guly|Virgilio
Gwyllt|Mariquilla
Habert|Karina
Hammerstone|Margareta
Haston|Barbi
Hawkin|Kizzie
Hurt|Law
Iacovielli|Elga
Illesley|Tabor
Ilyenko|Irvin
Instone|Grenville
Jinkin|Silvain
Jirasek|Flori
Josovitz|Filbert
Keenan|Hank
King|Cristina
Klesel|Markus
Knight|Denis
Knottley|Ania
Knowlton|Cornie
Lage|Mohandas
Laste|Richmond
Leaf|Tatiana
Lemon|Wittie
Leven|Emmalynn
Lupton|Carlos
Lyston|Pierette
Lytlle|Basia
M'cowis|Eric
Matitiaho|Vicky
Mayte|Fayre
Naerup|Calv
Nibley|Carena
Niess|Corbet
O'Hickee|Noella
Pedron|Inglis
Phare|Beverlee
Podd|Mildrid
Rathbourne|Oswald
Ratledge|Alvis
Reding|Goober
Renner|Zach
Ricarde|Walsh
Ritter|Anthe
Rockhill|Tamarah
Ruckert|Oswell
Servante|Jabez
Shearmur|Justino
Skeermor|Eveline
Skoyles|Pattie
Snelle|Lambert
Stagge|Thedric
Stickley|Sasha
Swoffer|Eal
Symper|Ilyse
Taft|Juliann
Teanby|Jason
Timberlake|Babbette
Tolefree|Kerstin
Totman|Jennica
Towers|Zared
Treppas|Rubin
Tullis|Sheffield
Urrey|Krissy
Varah|Krystle
Veeler|Avrom
Venner|Demetria
Wearne|Julienne
Wewell|Frankie
Wilber|Gabi
Worner|Huey
-------------
Alberts|Tawsha
Allmann|Karoline
Amis|Linette
Boniface|Karalynn
Broschek|Kristien
Canfield|Philippa
Castenda|Avis
Causey|Kaycee
Cawcutt|Keelia
Chown|Mikaela
Coate|Larina
Cockshot|Delilah
Cowling|Karin
Dewan|Kendre
Dripps|Hadria
Dunbavin|Caryl
Edelmann|Hedvig
Flores|Gray
Fosberry|Lurleen
Goadbie|Trista
Goff|Helen-elizabeth
Gotmann|Hazel
Grieve|Jo-ann
Hamsher|Daria
Haucke|Trudie
Hawkin|Kizzie
Hearnshaw|Marlena
Hector|Caroljean
Hollyman|Elsey
Huffa|Ferdinande
Iacovielli|Elga
Ilbert|Charmain
Jacquemy|Linet
Joselevitz|Milicent
Kieran|Lyndsay
Kiff|Brita
Klement|Corri
Kohen|Carmencita
Lansdowne|Janina
Larkings|Chiarra
Leydon|Tracey
Lindblad|Rozina
Lucken|Danielle
MacFaell|Midge
MacNockater|Brena
Makepeace|Demetris
Manilove|Katey
Martins|Geraldine
McAllister|Sunny
McCraine|Felipa
McTrustrie|Sophi
Micallef|Robena
Muddimer|Karla
Muggleston|Lois
Murton|Kim
O'Flannery|Anne-marie
Olesen|Mercy
Peers|Suzanne
Poor|Claudette
Priditt|Florentia
Ramalhete|Gwendolyn
Reubbens|Hedvige
Revance|Jaimie
Rockhill|Tamarah
Safell|Clemmie
Schriren|Deeann
Slader|Jennica
Sonley|Carmela
Staynes|Martynne
Thrasher|Georgianne
Tiddeman|Persis
Timberlake|Babbette
Totman|Jennica
Trubshawe|Talyah
Truckett|Aryn
Twinterman|Lorelei
Tyndall|Lena
Urrey|Krissy
Van der Baaren|Lizbeth
Venner|Lise
Vosse|Nicolle
Wanne|Kathrine
Wegenen|Annora
Wethered|Gretel
Whiten|Chiquia
-------------
Corbet|Niess|18
Noella|O'Hickee|18
Vicky|Matitiaho|18
Jill|Domenico|18
Irving|Feveryear|18
Cinderella|Guilder|18
Meir|Brake|18
Mariquilla|Gwyllt|18
Krystle|Varah|18
Philippa|Canfield|18
Irvin|Ilyenko|18
Kizzie|Hawkin|18
Eveline|Skeermor|18
Ania|Knottley|18
Jennica|Totman|18
Tatiana|Leaf|18
-------------
Josephine
-------------
is.gd
msn.com
amazon.com
dyndns.org
-------------
8
changes: 0   total_changes: 0
6
changes: 0   total_changes: 0
changes: 8   total_changes: 8
0
changes: 8   total_changes: 8
14
changes: 8   total_changes: 8
-------------
32
84
83
71
24
81
64
44
105
38
100
30
108
58
59
57
36
68
102
78
104
91
26
86
90
47
65
94
40
39
85
110
changes: 8   total_changes: 8
changes: 43   total_changes: 51
18
changes: 43   total_changes: 51
-------------
changes: 10   total_changes: 61
-------------
changes: 1   total_changes: 62
-------------
